2025-03-12 09:39:12,889 - DEBUG - Script execution started...
2025-03-12 09:39:12,889 - DEBUG - Starting main loop...
2025-03-12 09:39:12,889 - DEBUG - Processing https://www.appalachiarfbc.org/...
2025-03-12 09:39:12,889 - DEBUG - Crawling https://www.appalachiarfbc.org/ (depth 0)
2025-03-12 09:39:12,889 - DEBUG - Fetching https://www.appalachiarfbc.org/...
2025-03-12 09:39:12,894 - DEBUG - Starting new HTTPS connection (1): www.appalachiarfbc.org:443
2025-03-12 09:39:13,099 - DEBUG - https://www.appalachiarfbc.org:443 "GET / HTTP/1.1" 200 33672
2025-03-12 09:39:13,176 - DEBUG - Checking https://www.appalachiarfbc.org/...
2025-03-12 09:39:13,176 - DEBUG - Fetching https://www.appalachiarfbc.org/...
2025-03-12 09:39:13,177 - DEBUG - Starting new HTTPS connection (1): www.appalachiarfbc.org:443
2025-03-12 09:39:13,302 - DEBUG - https://www.appalachiarfbc.org:443 "GET / HTTP/1.1" 200 33672
2025-03-12 09:39:13,377 - DEBUG - Fetching archive for https://www.appalachiarfbc.org/...
2025-03-12 09:39:18,384 - DEBUG - Starting new HTTPS connection (1): archive.org:443
2025-03-12 09:39:20,001 - DEBUG - https://archive.org:443 "GET /wayback/available?url=https%3A%2F%2Fwww.appalachiarfbc.org%2F&timestamp=202410011339 HTTP/1.1" 200 259
2025-03-12 09:39:20,008 - DEBUG - Archive found at https://web.archive.org/web/20240929230133/https://www.appalachiarfbc.org/
2025-03-12 09:39:20,009 - DEBUG - Starting new HTTPS connection (1): web.archive.org:443
2025-03-12 09:39:20,896 - DEBUG - https://web.archive.org:443 "GET /web/20240929230133/https://www.appalachiarfbc.org/ HTTP/1.1" 200 None
2025-03-12 09:46:11,181 - Script execution started...
2025-03-12 09:46:11,182 - Starting main loop...
2025-03-12 09:46:11,182 - Processing https://www.appalachiarfbc.org/...
2025-03-12 09:46:11,182 - Crawling https://www.appalachiarfbc.org/ (depth 0)
2025-03-12 09:46:11,182 - Fetching https://www.appalachiarfbc.org/...
2025-03-12 09:46:11,185 - Starting new HTTPS connection (1): www.appalachiarfbc.org:443
2025-03-12 09:46:11,335 - https://www.appalachiarfbc.org:443 "GET / HTTP/1.1" 200 33672
2025-03-12 09:46:11,407 - Checking https://www.appalachiarfbc.org/about-us...
2025-03-12 09:46:11,407 - Fetching https://www.appalachiarfbc.org/about-us...
2025-03-12 09:46:11,408 - Starting new HTTPS connection (1): www.appalachiarfbc.org:443
2025-03-12 09:46:11,576 - https://www.appalachiarfbc.org:443 "GET /about-us HTTP/1.1" 404 18357
2025-03-12 09:46:11,634 - Fetching archive for https://www.appalachiarfbc.org/about-us...
2025-03-12 09:46:16,643 - Starting new HTTPS connection (1): archive.org:443
2025-03-12 09:46:18,209 - https://archive.org:443 "GET /wayback/available?url=https%3A%2F%2Fwww.appalachiarfbc.org%2Fabout-us&timestamp=202410011346 HTTP/1.1" 200 275
2025-03-12 09:46:18,214 - Archive found at https://web.archive.org/web/20241001091250/https://www.appalachiarfbc.org/about-us
2025-03-12 09:46:18,216 - Starting new HTTPS connection (1): web.archive.org:443
2025-03-12 09:46:19,568 - https://web.archive.org:443 "GET /web/20241001091250/https://www.appalachiarfbc.org/about-us HTTP/1.1" 200 None
2025-03-12 09:46:20,685 - Checking https://www.appalachiarfbc.org/#page...
2025-03-12 09:46:20,685 - Fetching https://www.appalachiarfbc.org/#page...
2025-03-12 09:46:20,687 - Starting new HTTPS connection (1): www.appalachiarfbc.org:443
2025-03-12 09:46:20,810 - https://www.appalachiarfbc.org:443 "GET / HTTP/1.1" 200 33672
2025-03-12 09:46:20,885 - Fetching archive for https://www.appalachiarfbc.org/#page...
2025-03-12 09:46:25,893 - Starting new HTTPS connection (1): archive.org:443
2025-03-12 09:46:31,228 - https://archive.org:443 "GET /wayback/available?url=https%3A%2F%2Fwww.appalachiarfbc.org%2F%23page&timestamp=202410011346 HTTP/1.1" 200 102
2025-03-12 09:46:36,244 - Starting new HTTPS connection (1): archive.org:443
2025-03-12 09:46:36,526 - https://archive.org:443 "GET /wayback/available?url=https%3A%2F%2Fwww.appalachiarfbc.org%2F%23page&timestamp=202410011346 HTTP/1.1" 200 102
2025-03-12 09:46:41,541 - Starting new HTTPS connection (1): archive.org:443
2025-03-12 09:46:41,811 - https://archive.org:443 "GET /wayback/available?url=https%3A%2F%2Fwww.appalachiarfbc.org%2F%23page&timestamp=202410011346 HTTP/1.1" 200 102
2025-03-12 09:46:41,812 - ERROR fetching archive: {"url": "https://www.appalachiarfbc.org/#page", "archived_snapshots": {}, "timestamp": "202410011346"}
2025-03-12 09:46:42,819 - Checking https://www.appalachiarfbc.org/faq...
2025-03-12 09:46:42,819 - Fetching https://www.appalachiarfbc.org/faq...
2025-03-12 09:46:42,821 - Starting new HTTPS connection (1): www.appalachiarfbc.org:443
2025-03-12 09:46:42,983 - https://www.appalachiarfbc.org:443 "GET /faq HTTP/1.1" 200 25929
2025-03-12 09:46:43,068 - Fetching archive for https://www.appalachiarfbc.org/faq...
2025-03-12 09:46:48,078 - Starting new HTTPS connection (1): archive.org:443
2025-03-12 09:46:49,356 - https://archive.org:443 "GET /wayback/available?url=https%3A%2F%2Fwww.appalachiarfbc.org%2Ffaq&timestamp=202410011346 HTTP/1.1" 200 265
2025-03-12 09:46:49,357 - Archive found at https://web.archive.org/web/20250117145653/https://www.appalachiarfbc.org/faq
2025-03-12 09:46:49,360 - Starting new HTTPS connection (1): web.archive.org:443
2025-03-12 09:46:50,677 - https://web.archive.org:443 "GET /web/20250117145653/https://www.appalachiarfbc.org/faq HTTP/1.1" 200 None
2025-03-12 09:46:51,718 - Checking https://www.appalachiarfbc.org/about-us-1...
2025-03-12 09:46:51,718 - Fetching https://www.appalachiarfbc.org/about-us-1...
2025-03-12 09:46:51,720 - Starting new HTTPS connection (1): www.appalachiarfbc.org:443
2025-03-12 09:46:51,897 - https://www.appalachiarfbc.org:443 "GET /about-us-1 HTTP/1.1" 302 0
2025-03-12 09:46:51,951 - https://www.appalachiarfbc.org:443 "GET /our-partners HTTP/1.1" 200 44322
2025-03-12 09:46:52,082 - Fetching archive for https://www.appalachiarfbc.org/about-us-1...
2025-03-12 09:46:57,089 - Starting new HTTPS connection (1): archive.org:443
2025-03-12 09:46:58,143 - https://archive.org:443 "GET /wayback/available?url=https%3A%2F%2Fwww.appalachiarfbc.org%2Fabout-us-1&timestamp=202410011346 HTTP/1.1" 200 107
2025-03-12 09:47:03,153 - Starting new HTTPS connection (1): archive.org:443
2025-03-12 09:47:03,631 - https://archive.org:443 "GET /wayback/available?url=https%3A%2F%2Fwww.appalachiarfbc.org%2Fabout-us-1&timestamp=202410011346 HTTP/1.1" 200 107
2025-03-12 09:47:08,638 - Starting new HTTPS connection (1): archive.org:443
2025-03-12 09:47:08,982 - https://archive.org:443 "GET /wayback/available?url=https%3A%2F%2Fwww.appalachiarfbc.org%2Fabout-us-1&timestamp=202410011346 HTTP/1.1" 200 107
2025-03-12 09:47:08,984 - ERROR fetching archive: {"url": "https://www.appalachiarfbc.org/about-us-1", "archived_snapshots": {}, "timestamp": "202410011346"}
2025-03-12 09:47:09,989 - Checking https://www.appalachiarfbc.org/guides...
2025-03-12 09:47:09,990 - Fetching https://www.appalachiarfbc.org/guides...
2025-03-12 09:47:09,993 - Starting new HTTPS connection (1): www.appalachiarfbc.org:443
2025-03-12 09:47:10,113 - https://www.appalachiarfbc.org:443 "GET /guides HTTP/1.1" 200 26042
2025-03-12 09:47:10,179 - Fetching archive for https://www.appalachiarfbc.org/guides...
2025-03-12 09:47:15,188 - Starting new HTTPS connection (1): archive.org:443
2025-03-12 09:47:18,949 - https://archive.org:443 "GET /wayback/available?url=https%3A%2F%2Fwww.appalachiarfbc.org%2Fguides&timestamp=202410011347 HTTP/1.1" 200 103
2025-03-12 09:47:23,959 - Starting new HTTPS connection (1): archive.org:443
2025-03-12 09:47:24,290 - https://archive.org:443 "GET /wayback/available?url=https%3A%2F%2Fwww.appalachiarfbc.org%2Fguides&timestamp=202410011347 HTTP/1.1" 200 103
2025-03-12 09:47:29,297 - Starting new HTTPS connection (1): archive.org:443
2025-03-12 09:47:29,610 - https://archive.org:443 "GET /wayback/available?url=https%3A%2F%2Fwww.appalachiarfbc.org%2Fguides&timestamp=202410011347 HTTP/1.1" 200 103
2025-03-12 09:47:29,612 - ERROR fetching archive: {"url": "https://www.appalachiarfbc.org/guides", "archived_snapshots": {}, "timestamp": "202410011347"}
2025-03-12 09:47:30,617 - Checking https://www.appalachiarfbc.org/stories...
2025-03-12 09:47:30,617 - Fetching https://www.appalachiarfbc.org/stories...
2025-03-12 09:47:30,619 - Starting new HTTPS connection (1): www.appalachiarfbc.org:443
2025-03-12 09:47:30,747 - https://www.appalachiarfbc.org:443 "GET /stories HTTP/1.1" 200 20430
2025-03-12 09:47:30,819 - Fetching archive for https://www.appalachiarfbc.org/stories...
2025-03-12 09:47:35,826 - Starting new HTTPS connection (1): archive.org:443
2025-03-12 09:47:41,108 - https://archive.org:443 "GET /wayback/available?url=https%3A%2F%2Fwww.appalachiarfbc.org%2Fstories&timestamp=202410011347 HTTP/1.1" 200 104
2025-03-12 09:47:46,116 - Starting new HTTPS connection (1): archive.org:443
2025-03-12 09:47:46,393 - https://archive.org:443 "GET /wayback/available?url=https%3A%2F%2Fwww.appalachiarfbc.org%2Fstories&timestamp=202410011347 HTTP/1.1" 200 104
2025-03-12 09:47:51,402 - Starting new HTTPS connection (1): archive.org:443
2025-03-12 09:47:51,686 - https://archive.org:443 "GET /wayback/available?url=https%3A%2F%2Fwww.appalachiarfbc.org%2Fstories&timestamp=202410011347 HTTP/1.1" 200 104
2025-03-12 09:47:51,687 - ERROR fetching archive: {"url": "https://www.appalachiarfbc.org/stories", "archived_snapshots": {}, "timestamp": "202410011347"}
2025-03-12 09:47:52,692 - Checking https://www.appalachiarfbc.org/resources...
2025-03-12 09:47:52,692 - Fetching https://www.appalachiarfbc.org/resources...
2025-03-12 09:47:52,695 - Starting new HTTPS connection (1): www.appalachiarfbc.org:443
2025-03-12 09:47:52,878 - https://www.appalachiarfbc.org:443 "GET /resources HTTP/1.1" 302 0
2025-03-12 09:47:52,922 - https://www.appalachiarfbc.org:443 "GET /faq HTTP/1.1" 200 25929
2025-03-12 09:47:53,001 - Fetching archive for https://www.appalachiarfbc.org/resources...
2025-03-12 09:47:58,009 - Starting new HTTPS connection (1): archive.org:443
2025-03-12 09:48:01,206 - https://archive.org:443 "GET /wayback/available?url=https%3A%2F%2Fwww.appalachiarfbc.org%2Fresources&timestamp=202410011347 HTTP/1.1" 200 106
2025-03-12 09:48:06,216 - Starting new HTTPS connection (1): archive.org:443
2025-03-12 09:48:06,470 - https://archive.org:443 "GET /wayback/available?url=https%3A%2F%2Fwww.appalachiarfbc.org%2Fresources&timestamp=202410011347 HTTP/1.1" 200 106
2025-03-12 09:48:11,479 - Starting new HTTPS connection (1): archive.org:443
2025-03-12 09:48:11,739 - https://archive.org:443 "GET /wayback/available?url=https%3A%2F%2Fwww.appalachiarfbc.org%2Fresources&timestamp=202410011347 HTTP/1.1" 200 106
2025-03-12 09:48:11,740 - ERROR fetching archive: {"url": "https://www.appalachiarfbc.org/resources", "archived_snapshots": {}, "timestamp": "202410011347"}
2025-03-12 09:48:12,745 - Checking https://www.appalachiarfbc.org/connect...
2025-03-12 09:48:12,746 - Fetching https://www.appalachiarfbc.org/connect...
2025-03-12 09:48:12,749 - Starting new HTTPS connection (1): www.appalachiarfbc.org:443
2025-03-12 09:48:12,882 - https://www.appalachiarfbc.org:443 "GET /connect HTTP/1.1" 200 28869
2025-03-12 09:48:12,950 - Fetching archive for https://www.appalachiarfbc.org/connect...
2025-03-12 09:48:17,958 - Starting new HTTPS connection (1): archive.org:443
2025-03-12 09:48:22,211 - https://archive.org:443 "GET /wayback/available?url=https%3A%2F%2Fwww.appalachiarfbc.org%2Fconnect&timestamp=202410011348 HTTP/1.1" 200 104
2025-03-12 09:48:27,219 - Starting new HTTPS connection (1): archive.org:443
2025-03-12 09:48:27,497 - https://archive.org:443 "GET /wayback/available?url=https%3A%2F%2Fwww.appalachiarfbc.org%2Fconnect&timestamp=202410011348 HTTP/1.1" 200 104
2025-03-12 09:48:32,503 - Starting new HTTPS connection (1): archive.org:443
2025-03-12 09:48:33,805 - https://archive.org:443 "GET /wayback/available?url=https%3A%2F%2Fwww.appalachiarfbc.org%2Fconnect&timestamp=202410011348 HTTP/1.1" 200 104
2025-03-12 09:48:33,806 - ERROR fetching archive: {"url": "https://www.appalachiarfbc.org/connect", "archived_snapshots": {}, "timestamp": "202410011348"}
2025-03-12 09:48:34,809 - Checking https://www.appalachiarfbc.org/business-builder-subawards...
2025-03-12 09:48:34,809 - Fetching https://www.appalachiarfbc.org/business-builder-subawards...
2025-03-12 09:48:34,811 - Starting new HTTPS connection (1): www.appalachiarfbc.org:443
2025-03-12 09:48:34,933 - https://www.appalachiarfbc.org:443 "GET /business-builder-subawards HTTP/1.1" 200 25232
2025-03-12 09:48:35,013 - Fetching archive for https://www.appalachiarfbc.org/business-builder-subawards...
2025-03-12 09:48:40,022 - Starting new HTTPS connection (1): archive.org:443
2025-03-12 09:48:40,614 - https://archive.org:443 "GET /wayback/available?url=https%3A%2F%2Fwww.appalachiarfbc.org%2Fbusiness-builder-subawards&timestamp=202410011348 HTTP/1.1" 200 311
2025-03-12 09:48:40,615 - Archive found at https://web.archive.org/web/20240914190155/https://www.appalachiarfbc.org/business-builder-subawards
2025-03-12 09:48:40,616 - Starting new HTTPS connection (1): web.archive.org:443
2025-03-12 09:48:41,711 - https://web.archive.org:443 "GET /web/20240914190155/https://www.appalachiarfbc.org/business-builder-subawards HTTP/1.1" 200 None
2025-03-12 09:48:42,749 - Checking https://www.appalachiarfbc.org/cart...
2025-03-12 09:48:42,750 - Fetching https://www.appalachiarfbc.org/cart...
2025-03-12 09:48:42,751 - Starting new HTTPS connection (1): www.appalachiarfbc.org:443
2025-03-12 09:48:43,161 - https://www.appalachiarfbc.org:443 "GET /cart HTTP/1.1" 200 None
2025-03-12 09:48:43,228 - Fetching archive for https://www.appalachiarfbc.org/cart...
2025-03-12 09:48:48,235 - Starting new HTTPS connection (1): archive.org:443
2025-03-12 09:48:49,669 - https://archive.org:443 "GET /wayback/available?url=https%3A%2F%2Fwww.appalachiarfbc.org%2Fcart&timestamp=202410011348 HTTP/1.1" 200 267
2025-03-12 09:48:49,670 - Archive found at https://web.archive.org/web/20240929230116/https://www.appalachiarfbc.org/cart
2025-03-12 09:48:49,671 - Starting new HTTPS connection (1): web.archive.org:443
2025-03-12 09:48:50,428 - https://web.archive.org:443 "GET /web/20240929230116/https://www.appalachiarfbc.org/cart HTTP/1.1" 200 None
2025-03-12 09:48:51,453 - Checking https://www.appalachiarfbc.org/programming...
2025-03-12 09:48:51,454 - Fetching https://www.appalachiarfbc.org/programming...
2025-03-12 09:48:51,456 - Starting new HTTPS connection (1): www.appalachiarfbc.org:443
2025-03-12 09:48:51,621 - https://www.appalachiarfbc.org:443 "GET /programming HTTP/1.1" 302 0
2025-03-12 09:48:51,665 - https://www.appalachiarfbc.org:443 "GET /business-builder-subawards HTTP/1.1" 200 25232
2025-03-12 09:48:51,733 - Fetching archive for https://www.appalachiarfbc.org/programming...
2025-03-12 09:48:56,741 - Starting new HTTPS connection (1): archive.org:443
2025-03-12 09:49:02,021 - https://archive.org:443 "GET /wayback/available?url=https%3A%2F%2Fwww.appalachiarfbc.org%2Fprogramming&timestamp=202410011348 HTTP/1.1" 200 108
2025-03-12 09:49:07,030 - Starting new HTTPS connection (1): archive.org:443
2025-03-12 09:49:07,294 - https://archive.org:443 "GET /wayback/available?url=https%3A%2F%2Fwww.appalachiarfbc.org%2Fprogramming&timestamp=202410011348 HTTP/1.1" 200 108
2025-03-12 09:49:12,302 - Starting new HTTPS connection (1): archive.org:443
2025-03-12 09:49:12,554 - https://archive.org:443 "GET /wayback/available?url=https%3A%2F%2Fwww.appalachiarfbc.org%2Fprogramming&timestamp=202410011348 HTTP/1.1" 200 108
2025-03-12 09:49:12,555 - ERROR fetching archive: {"url": "https://www.appalachiarfbc.org/programming", "archived_snapshots": {}, "timestamp": "202410011348"}
2025-03-12 09:49:13,559 - Checking https://www.appalachiarfbc.org/...
2025-03-12 09:49:13,560 - Fetching https://www.appalachiarfbc.org/...
2025-03-12 09:49:13,562 - Starting new HTTPS connection (1): www.appalachiarfbc.org:443
2025-03-12 09:49:13,680 - https://www.appalachiarfbc.org:443 "GET / HTTP/1.1" 200 33672
2025-03-12 09:49:13,770 - Fetching archive for https://www.appalachiarfbc.org/...
2025-03-12 09:49:18,774 - Starting new HTTPS connection (1): archive.org:443
2025-03-12 09:49:24,075 - https://archive.org:443 "GET /wayback/available?url=https%3A%2F%2Fwww.appalachiarfbc.org%2F&timestamp=202410011349 HTTP/1.1" 200 97
2025-03-12 09:49:29,084 - Starting new HTTPS connection (1): archive.org:443
2025-03-12 09:49:29,369 - https://archive.org:443 "GET /wayback/available?url=https%3A%2F%2Fwww.appalachiarfbc.org%2F&timestamp=202410011349 HTTP/1.1" 200 97
2025-03-12 09:49:34,378 - Starting new HTTPS connection (1): archive.org:443
2025-03-12 09:49:34,655 - https://archive.org:443 "GET /wayback/available?url=https%3A%2F%2Fwww.appalachiarfbc.org%2F&timestamp=202410011349 HTTP/1.1" 200 97
2025-03-12 09:49:34,655 - ERROR fetching archive: {"url": "https://www.appalachiarfbc.org/", "archived_snapshots": {}, "timestamp": "202410011349"}
2025-03-12 09:49:35,659 - Checking https://www.appalachiarfbc.org/technical-assistance...
2025-03-12 09:49:35,659 - Fetching https://www.appalachiarfbc.org/technical-assistance...
2025-03-12 09:49:35,662 - Starting new HTTPS connection (1): www.appalachiarfbc.org:443
2025-03-12 09:49:35,785 - https://www.appalachiarfbc.org:443 "GET /technical-assistance HTTP/1.1" 200 23817
2025-03-12 09:49:35,858 - Fetching archive for https://www.appalachiarfbc.org/technical-assistance...
2025-03-12 09:49:40,867 - Starting new HTTPS connection (1): archive.org:443
2025-03-12 09:49:42,250 - https://archive.org:443 "GET /wayback/available?url=https%3A%2F%2Fwww.appalachiarfbc.org%2Ftechnical-assistance&timestamp=202410011349 HTTP/1.1" 200 299
2025-03-12 09:49:42,251 - Archive found at https://web.archive.org/web/20240929114724/https://www.appalachiarfbc.org/technical-assistance
2025-03-12 09:49:42,254 - Starting new HTTPS connection (1): web.archive.org:443
2025-03-12 09:49:43,382 - https://web.archive.org:443 "GET /web/20240929114724/https://www.appalachiarfbc.org/technical-assistance HTTP/1.1" 200 None
2025-03-12 09:49:44,417 - Checking https://www.appalachiarfbc.org/our-partners...
2025-03-12 09:49:44,417 - Fetching https://www.appalachiarfbc.org/our-partners...
2025-03-12 09:49:44,419 - Starting new HTTPS connection (1): www.appalachiarfbc.org:443
2025-03-12 09:49:44,538 - https://www.appalachiarfbc.org:443 "GET /our-partners HTTP/1.1" 200 44322
2025-03-12 09:49:44,679 - Fetching archive for https://www.appalachiarfbc.org/our-partners...
2025-03-12 09:49:49,686 - Starting new HTTPS connection (1): archive.org:443
2025-03-12 09:49:55,053 - https://archive.org:443 "GET /wayback/available?url=https%3A%2F%2Fwww.appalachiarfbc.org%2Four-partners&timestamp=202410011349 HTTP/1.1" 200 109
2025-03-12 09:50:00,058 - Starting new HTTPS connection (1): archive.org:443
2025-03-12 09:50:00,326 - https://archive.org:443 "GET /wayback/available?url=https%3A%2F%2Fwww.appalachiarfbc.org%2Four-partners&timestamp=202410011349 HTTP/1.1" 200 109
2025-03-12 09:50:05,329 - Starting new HTTPS connection (1): archive.org:443
2025-03-12 09:50:05,588 - https://archive.org:443 "GET /wayback/available?url=https%3A%2F%2Fwww.appalachiarfbc.org%2Four-partners&timestamp=202410011349 HTTP/1.1" 200 109
2025-03-12 09:50:05,589 - ERROR fetching archive: {"url": "https://www.appalachiarfbc.org/our-partners", "archived_snapshots": {}, "timestamp": "202410011349"}
2025-03-12 09:50:06,594 - Checking https://www.appalachiarfbc.org/recordings...
2025-03-12 09:50:06,595 - Fetching https://www.appalachiarfbc.org/recordings...
2025-03-12 09:50:06,597 - Starting new HTTPS connection (1): www.appalachiarfbc.org:443
2025-03-12 09:50:06,721 - https://www.appalachiarfbc.org:443 "GET /recordings HTTP/1.1" 200 23560
2025-03-12 09:50:06,794 - Fetching archive for https://www.appalachiarfbc.org/recordings...
2025-03-12 09:50:11,800 - Starting new HTTPS connection (1): archive.org:443
2025-03-12 09:50:17,205 - https://archive.org:443 "GET /wayback/available?url=https%3A%2F%2Fwww.appalachiarfbc.org%2Frecordings&timestamp=202410011350 HTTP/1.1" 200 107
2025-03-12 09:50:22,212 - Starting new HTTPS connection (1): archive.org:443
2025-03-12 09:50:22,604 - https://archive.org:443 "GET /wayback/available?url=https%3A%2F%2Fwww.appalachiarfbc.org%2Frecordings&timestamp=202410011350 HTTP/1.1" 200 107
2025-03-12 09:50:27,611 - Starting new HTTPS connection (1): archive.org:443
2025-03-12 09:50:27,907 - https://archive.org:443 "GET /wayback/available?url=https%3A%2F%2Fwww.appalachiarfbc.org%2Frecordings&timestamp=202410011350 HTTP/1.1" 200 107
2025-03-12 09:50:27,908 - ERROR fetching archive: {"url": "https://www.appalachiarfbc.org/recordings", "archived_snapshots": {}, "timestamp": "202410011350"}
2025-03-12 09:50:28,910 - Checking https://www.appalachiarfbc.org/annual-convening...
2025-03-12 09:50:28,910 - Fetching https://www.appalachiarfbc.org/annual-convening...
2025-03-12 09:50:28,913 - Starting new HTTPS connection (1): www.appalachiarfbc.org:443
2025-03-12 09:50:29,051 - https://www.appalachiarfbc.org:443 "GET /annual-convening HTTP/1.1" 200 24478
2025-03-12 09:50:29,127 - Fetching archive for https://www.appalachiarfbc.org/annual-convening...
2025-03-12 09:50:34,132 - Starting new HTTPS connection (1): archive.org:443
2025-03-12 09:50:39,506 - https://archive.org:443 "GET /wayback/available?url=https%3A%2F%2Fwww.appalachiarfbc.org%2Fannual-convening&timestamp=202410011350 HTTP/1.1" 200 113
2025-03-12 09:50:44,511 - Starting new HTTPS connection (1): archive.org:443
2025-03-12 09:50:44,779 - https://archive.org:443 "GET /wayback/available?url=https%3A%2F%2Fwww.appalachiarfbc.org%2Fannual-convening&timestamp=202410011350 HTTP/1.1" 200 113
2025-03-12 09:50:49,785 - Starting new HTTPS connection (1): archive.org:443
2025-03-12 09:50:50,055 - https://archive.org:443 "GET /wayback/available?url=https%3A%2F%2Fwww.appalachiarfbc.org%2Fannual-convening&timestamp=202410011350 HTTP/1.1" 200 113
2025-03-12 09:50:50,057 - ERROR fetching archive: {"url": "https://www.appalachiarfbc.org/annual-convening", "archived_snapshots": {}, "timestamp": "202410011350"}
2025-03-12 09:50:51,062 - Checking https://www.appalachiarfbc.org/non-discrimination-statement...
2025-03-12 09:50:51,063 - Fetching https://www.appalachiarfbc.org/non-discrimination-statement...
2025-03-12 09:50:51,066 - Starting new HTTPS connection (1): www.appalachiarfbc.org:443
2025-03-12 09:50:51,197 - https://www.appalachiarfbc.org:443 "GET /non-discrimination-statement HTTP/1.1" 200 21378
2025-03-12 09:50:51,278 - Fetching archive for https://www.appalachiarfbc.org/non-discrimination-statement...
2025-03-12 09:50:56,286 - Starting new HTTPS connection (1): archive.org:443
2025-03-12 09:51:01,647 - https://archive.org:443 "GET /wayback/available?url=https%3A%2F%2Fwww.appalachiarfbc.org%2Fnon-discrimination-statement&timestamp=202410011350 HTTP/1.1" 200 125
2025-03-12 09:51:06,657 - Starting new HTTPS connection (1): archive.org:443
2025-03-12 09:51:06,951 - https://archive.org:443 "GET /wayback/available?url=https%3A%2F%2Fwww.appalachiarfbc.org%2Fnon-discrimination-statement&timestamp=202410011350 HTTP/1.1" 200 125
2025-03-12 09:51:11,960 - Starting new HTTPS connection (1): archive.org:443
2025-03-12 09:51:12,213 - https://archive.org:443 "GET /wayback/available?url=https%3A%2F%2Fwww.appalachiarfbc.org%2Fnon-discrimination-statement&timestamp=202410011350 HTTP/1.1" 200 125
2025-03-12 09:51:12,214 - ERROR fetching archive: {"url": "https://www.appalachiarfbc.org/non-discrimination-statement", "archived_snapshots": {}, "timestamp": "202410011350"}
2025-03-12 09:51:13,220 - Checking https://www.appalachiarfbc.org/press-releases...
2025-03-12 09:51:13,220 - Fetching https://www.appalachiarfbc.org/press-releases...
2025-03-12 09:51:13,222 - Starting new HTTPS connection (1): www.appalachiarfbc.org:443
2025-03-12 09:51:13,347 - https://www.appalachiarfbc.org:443 "GET /press-releases HTTP/1.1" 200 23059
2025-03-12 09:51:13,419 - Fetching archive for https://www.appalachiarfbc.org/press-releases...
2025-03-12 09:51:18,427 - Starting new HTTPS connection (1): archive.org:443
2025-03-12 09:51:23,891 - https://archive.org:443 "GET /wayback/available?url=https%3A%2F%2Fwww.appalachiarfbc.org%2Fpress-releases&timestamp=202410011351 HTTP/1.1" 200 111
2025-03-12 09:51:28,899 - Starting new HTTPS connection (1): archive.org:443
2025-03-12 09:51:29,224 - https://archive.org:443 "GET /wayback/available?url=https%3A%2F%2Fwww.appalachiarfbc.org%2Fpress-releases&timestamp=202410011351 HTTP/1.1" 200 111
2025-03-12 09:51:34,234 - Starting new HTTPS connection (1): archive.org:443
2025-03-12 09:51:34,602 - https://archive.org:443 "GET /wayback/available?url=https%3A%2F%2Fwww.appalachiarfbc.org%2Fpress-releases&timestamp=202410011351 HTTP/1.1" 200 111
2025-03-12 09:51:34,604 - ERROR fetching archive: {"url": "https://www.appalachiarfbc.org/press-releases", "archived_snapshots": {}, "timestamp": "202410011351"}
2025-03-12 09:51:35,609 - Processing complete. Found 5 changes.
2025-03-12 09:51:35,610 - Writing results to /Users/joshuabrown/Desktop/dei_changes_detailed.txt...
2025-03-12 09:51:35,611 - Results successfully written.
2025-03-12 09:51:35,611 - Script finished. Check dei_changes_detailed.txt on your desktop.
